<?xml version="1.0" encoding="UTF-8"?>
<testsuite xmlns:xsi="http://www.w3.org/2001/XMLSchema-instance" xsi:noNamespaceSchemaLocation="https://maven.apache.org/surefire/maven-surefire-plugin/xsd/surefire-test-report.xsd" version="3.0.2" name="com.prompt2prd.Prompt2PrdApplicationTests" time="0.739" tests="1" errors="0" skipped="0" failures="0" flakes="0">
  <properties>
[...]
</properties>
  <testcase name="contextLoads" classname="com.prompt2prd.Prompt2PrdApplicationTests" time="0.005">
    <system-out><![CDATA[2026-07-17T18:41:04.254+08:00  INFO 15928 --- [           main] t.c.s.AnnotationConfigContextLoaderUtils : Could not detect default configuration classes for test class [com.prompt2prd.Prompt2PrdApplicationTests]: Prompt2PrdApplicationTests does not declare any static, non-private, non-final, nested classes annotated with @Configuration.
2026-07-17T18:41:04.273+08:00  INFO 15928 --- [           main] .b.t.c.SpringBootTestContextBootstrapper : Found @SpringBootConfiguration com.prompt2prd.Prompt2PrdApplication for test class com.prompt2prd.Prompt2PrdApplicationTests
2026-07-17T18:41:04.275+08:00  INFO 15928 --- [           main] t.c.s.AnnotationConfigContextLoaderUtils : Could not detect default configuration classes for test class [com.prompt2prd.Prompt2PrdApplicationTests]: Prompt2PrdApplicationTests does not declare any static, non-private, non-final, nested classes annotated with @Configuration.
2026-07-17T18:41:04.277+08:00  INFO 15928 --- [           main] .b.t.c.SpringBootTestContextBootstrapper : Found @SpringBootConfiguration com.prompt2prd.Prompt2PrdApplication for test class com.prompt2prd.Prompt2PrdApplicationTests

  .   ____          _            __ _ _
 /\\ / ___'_ __ _ _(_)_ __  __ _ \ \ \ \
( ( )\___ | '_ | '_| | '_ \/ _` | \ \ \ \
 \\/  ___)| |_)| | | | | || (_| |  ) ) ) )
  '  |____| .__|_| |_|_| |_\__, | / / / /
 =========|_|==============|___/=/_/_/_/

 :: Spring Boot ::                (v4.1.0)

2026-07-17T18:41:04.356+08:00  INFO 15928 --- [           main] c.prompt2prd.Prompt2PrdApplicationTests  : Starting Prompt2PrdApplicationTests using Java 21.0.6 with PID 15928 (started by huang in D:\Code\Prompt2PRD\backend)
2026-07-17T18:41:04.358+08:00  INFO 15928 --- [           main] c.prompt2prd.Prompt2PrdApplicationTests  : No active profile set, falling back to 1 default profile: "default"
2026-07-17T18:41:04.901+08:00  INFO 15928 --- [           main] o.s.b.a.e.web.EndpointLinksResolver      : Exposing 1 endpoint beneath base path '/actuator'
2026-07-17T18:41:04.983+08:00  INFO 15928 --- [           main] c.prompt2prd.Prompt2PrdApplicationTests  : Started Prompt2PrdApplicationTests in 0.693 seconds (process running for 8.679)
]]></system-out>
  </testcase>
</testsuite>